87597
0
0
0
0
0
179485
71050
22119346
7062146
38702
0
28100890
1610399
2334938
0
48692
0
148154
1350262
0
179426
0
0
34713
129764854
7117666
0
0
24725054
2746354
92486
1353485
1524504
178750
12421202
56554
3058
6013
41966
0
1556
90771
116768
0
1064465
0
53408794
9
0
33831
0
0
464334
13958065
3219687
68006
0
1136476
16743571
10323615
559887
144269
0
1412593
181391183
105881
5691342
3
325384
0
18436170
33840
81633
264966
2261780
6831870
241611
3989
29940
0
322291
122812
1150929
16
6286756
21181
0
1000000000
0
0
0
237927
